[INFO] Scanning for projects...
[INFO] 
[INFO] ---------------------< com.readxx:readxx-backend >----------------------
[INFO] Building readxx-backend 0.0.1-SNAPSHOT
[INFO]   from pom.xml
[INFO] --------------------------------[ jar ]---------------------------------
[INFO] 
[INFO] --- clean:3.3.2:clean (default-clean) @ readxx-backend ---
[INFO] Deleting C:\Users\eriks\Documents\READXX\readxx\backend\target
[INFO] 
[INFO] --- resources:3.3.1:resources (default-resources) @ readxx-backend ---
[INFO] Copying 1 resource from src\main\resources to target\classes
[INFO] Copying 2 resources from src\main\resources to target\classes
[INFO] 
[INFO] --- compiler:3.13.0:compile (default-compile) @ readxx-backend ---
[INFO] Recompiling the module because of changed source code.
[INFO] Compiling 44 source files with javac [debug parameters release 21] to target\classes
[WARNING] /C:/Users/eriks/Documents/READXX/readxx/backend/src/main/java/com/readxx/audit/AuditService.java:[27,13] non-varargs call of varargs method with inexact argument type for last parameter;
  cast to com.readxx.audit.AuditService.AuditDetail for a varargs call
  cast to com.readxx.audit.AuditService.AuditDetail[] for a non-varargs call and to suppress this warning
[WARNING] /C:/Users/eriks/Documents/READXX/readxx/backend/src/main/java/com/readxx/security/SecurityConfig.java:[62,17] contentTypeOptions() in org.springframework.security.config.annotation.web.configurers.HeadersConfigurer has been deprecated and marked for removal
[INFO] /C:/Users/eriks/Documents/READXX/readxx/backend/src/main/java/com/readxx/tts/TtsService.java: C:\Users\eriks\Documents\READXX\readxx\backend\src\main\java\com\readxx\tts\TtsService.java uses or overrides a deprecated API.
[INFO] /C:/Users/eriks/Documents/READXX/readxx/backend/src/main/java/com/readxx/tts/TtsService.java: Recompile with -Xlint:deprecation for details.
[INFO] ------------------------------------------------------------------------
[INFO] BUILD SUCCESS
[INFO] ------------------------------------------------------------------------
[INFO] Total time:  3.455 s
[INFO] Finished at: 2026-04-08T22:33:22-03:00
[INFO] ------------------------------------------------------------------------
